{"C:\\Users\\Matteo\\Documents\\HD VIZ\\hdviz\\hdviz\\server\\src\\modules\\Database.js": {"path":"C:\\Users\\Matteo\\Documents\\HD VIZ\\hdviz\\hdviz\\server\\src\\modules\\Database.js","statementMap":{"0":{"start":{"line":1,"column":0},"end":{"line":16,"column":2}},"1":{"start":{"line":4,"column":4},"end":{"line":4,"column":65}},"2":{"start":{"line":9,"column":4},"end":{"line":9,"column":72}},"3":{"start":{"line":14,"column":4},"end":{"line":14,"column":72}}},"fnMap":{"0":{"name":"(anonymous_0)","decl":{"start":{"line":3,"column":2},"end":{"line":3,"column":3}},"loc":{"start":{"line":3,"column":27},"end":{"line":5,"column":3}},"line":3},"1":{"name":"(anonymous_1)","decl":{"start":{"line":8,"column":2},"end":{"line":8,"column":3}},"loc":{"start":{"line":8,"column":27},"end":{"line":10,"column":3}},"line":8},"2":{"name":"(anonymous_2)","decl":{"start":{"line":13,"column":2},"end":{"line":13,"column":3}},"loc":{"start":{"line":13,"column":25},"end":{"line":15,"column":3}},"line":13}},"branchMap":{},"s":{"0":6,"1":0,"2":0,"3":0},"f":{"0":0,"1":0,"2":0},"b":{},"_coverageSchema":"1a1c01bbd47fc00a2c39e90264f33305004495a9","hash":"cff24d75003fc7c23e988586a1cb16749f48aa84"}
,"C:\\Users\\Matteo\\Documents\\HD VIZ\\hdviz\\hdviz\\server\\src\\modules\\MongoDB.js": {"path":"C:\\Users\\Matteo\\Documents\\HD VIZ\\hdviz\\hdviz\\server\\src\\modules\\MongoDB.js","statementMap":{"0":{"start":{"line":1,"column":14},"end":{"line":1,"column":44}},"1":{"start":{"line":2,"column":17},"end":{"line":2,"column":38}},"2":{"start":{"line":4,"column":0},"end":{"line":53,"column":2}},"3":{"start":{"line":6,"column":4},"end":{"line":6,"column":12}},"4":{"start":{"line":7,"column":4},"end":{"line":7,"column":25}},"5":{"start":{"line":8,"column":4},"end":{"line":8,"column":50}},"6":{"start":{"line":12,"column":4},"end":{"line":18,"column":7}},"7":{"start":{"line":13,"column":6},"end":{"line":17,"column":9}},"8":{"start":{"line":14,"column":8},"end":{"line":16,"column":27}},"9":{"start":{"line":15,"column":10},"end":{"line":15,"column":52}},"10":{"start":{"line":16,"column":15},"end":{"line":16,"column":27}},"11":{"start":{"line":22,"column":17},"end":{"line":22,"column":39}},"12":{"start":{"line":23,"column":4},"end":{"line":35,"column":7}},"13":{"start":{"line":24,"column":6},"end":{"line":34,"column":7}},"14":{"start":{"line":25,"column":8},"end":{"line":31,"column":13}},"15":{"start":{"line":26,"column":25},"end":{"line":26,"column":51}},"16":{"start":{"line":26,"column":42},"end":{"line":26,"column":50}},"17":{"start":{"line":28,"column":12},"end":{"line":30,"column":32}},"18":{"start":{"line":29,"column":14},"end":{"line":29,"column":55}},"19":{"start":{"line":30,"column":19},"end":{"line":30,"column":32}},"20":{"start":{"line":33,"column":8},"end":{"line":33,"column":49}},"21":{"start":{"line":39,"column":17},"end":{"line":39,"column":39}},"22":{"start":{"line":40,"column":4},"end":{"line":51,"column":7}},"23":{"start":{"line":41,"column":6},"end":{"line":50,"column":7}},"24":{"start":{"line":42,"column":8},"end":{"line":47,"column":13}},"25":{"start":{"line":44,"column":12},"end":{"line":46,"column":32}},"26":{"start":{"line":45,"column":14},"end":{"line":45,"column":58}},"27":{"start":{"line":46,"column":19},"end":{"line":46,"column":32}},"28":{"start":{"line":49,"column":8},"end":{"line":49,"column":52}}},"fnMap":{"0":{"name":"(anonymous_0)","decl":{"start":{"line":5,"column":2},"end":{"line":5,"column":3}},"loc":{"start":{"line":5,"column":22},"end":{"line":9,"column":3}},"line":5},"1":{"name":"(anonymous_1)","decl":{"start":{"line":11,"column":2},"end":{"line":11,"column":3}},"loc":{"start":{"line":11,"column":20},"end":{"line":19,"column":3}},"line":11},"2":{"name":"(anonymous_2)","decl":{"start":{"line":12,"column":23},"end":{"line":12,"column":24}},"loc":{"start":{"line":12,"column":44},"end":{"line":18,"column":5}},"line":12},"3":{"name":"(anonymous_3)","decl":{"start":{"line":13,"column":60},"end":{"line":13,"column":61}},"loc":{"start":{"line":13,"column":73},"end":{"line":17,"column":7}},"line":13},"4":{"name":"(anonymous_4)","decl":{"start":{"line":21,"column":2},"end":{"line":21,"column":3}},"loc":{"start":{"line":21,"column":20},"end":{"line":36,"column":3}},"line":21},"5":{"name":"(anonymous_5)","decl":{"start":{"line":23,"column":23},"end":{"line":23,"column":24}},"loc":{"start":{"line":23,"column":44},"end":{"line":35,"column":5}},"line":23},"6":{"name":"(anonymous_6)","decl":{"start":{"line":26,"column":16},"end":{"line":26,"column":17}},"loc":{"start":{"line":26,"column":25},"end":{"line":26,"column":51}},"line":26},"7":{"name":"(anonymous_7)","decl":{"start":{"line":26,"column":33},"end":{"line":26,"column":34}},"loc":{"start":{"line":26,"column":42},"end":{"line":26,"column":50}},"line":26},"8":{"name":"(anonymous_8)","decl":{"start":{"line":27,"column":16},"end":{"line":27,"column":17}},"loc":{"start":{"line":27,"column":25},"end":{"line":31,"column":11}},"line":27},"9":{"name":"(anonymous_9)","decl":{"start":{"line":38,"column":2},"end":{"line":38,"column":3}},"loc":{"start":{"line":38,"column":32},"end":{"line":52,"column":3}},"line":38},"10":{"name":"(anonymous_10)","decl":{"start":{"line":40,"column":23},"end":{"line":40,"column":24}},"loc":{"start":{"line":40,"column":44},"end":{"line":51,"column":5}},"line":40},"11":{"name":"(anonymous_11)","decl":{"start":{"line":43,"column":16},"end":{"line":43,"column":17}},"loc":{"start":{"line":43,"column":25},"end":{"line":47,"column":11}},"line":43}},"branchMap":{"0":{"loc":{"start":{"line":14,"column":8},"end":{"line":16,"column":27}},"type":"if","locations":[{"start":{"line":14,"column":8},"end":{"line":16,"column":27}},{"start":{"line":14,"column":8},"end":{"line":16,"column":27}}],"line":14},"1":{"loc":{"start":{"line":24,"column":6},"end":{"line":34,"column":7}},"type":"if","locations":[{"start":{"line":24,"column":6},"end":{"line":34,"column":7}},{"start":{"line":24,"column":6},"end":{"line":34,"column":7}}],"line":24},"2":{"loc":{"start":{"line":28,"column":12},"end":{"line":30,"column":32}},"type":"if","locations":[{"start":{"line":28,"column":12},"end":{"line":30,"column":32}},{"start":{"line":28,"column":12},"end":{"line":30,"column":32}}],"line":28},"3":{"loc":{"start":{"line":41,"column":6},"end":{"line":50,"column":7}},"type":"if","locations":[{"start":{"line":41,"column":6},"end":{"line":50,"column":7}},{"start":{"line":41,"column":6},"end":{"line":50,"column":7}}],"line":41},"4":{"loc":{"start":{"line":41,"column":10},"end":{"line":41,"column":32}},"type":"binary-expr","locations":[{"start":{"line":41,"column":10},"end":{"line":41,"column":14}},{"start":{"line":41,"column":18},"end":{"line":41,"column":32}}],"line":41},"5":{"loc":{"start":{"line":44,"column":12},"end":{"line":46,"column":32}},"type":"if","locations":[{"start":{"line":44,"column":12},"end":{"line":46,"column":32}},{"start":{"line":44,"column":12},"end":{"line":46,"column":32}}],"line":44}},"s":{"0":3,"1":3,"2":3,"3":6,"4":6,"5":6,"6":5,"7":5,"8":5,"9":0,"10":5,"11":2,"12":2,"13":2,"14":2,"15":2,"16":2,"17":2,"18":0,"19":2,"20":0,"21":2,"22":2,"23":2,"24":2,"25":2,"26":0,"27":2,"28":0},"f":{"0":6,"1":5,"2":5,"3":5,"4":2,"5":2,"6":2,"7":2,"8":2,"9":2,"10":2,"11":2},"b":{"0":[0,5],"1":[2,0],"2":[0,2],"3":[2,0],"4":[2,2],"5":[0,2]},"_coverageSchema":"1a1c01bbd47fc00a2c39e90264f33305004495a9","hash":"a6ec85129d5f7b512a2c47e48f9165af4a00b545"}
,"C:\\Users\\Matteo\\Documents\\HD VIZ\\hdviz\\hdviz\\server\\src\\modules\\MySQLDB.js": {"path":"C:\\Users\\Matteo\\Documents\\HD VIZ\\hdviz\\hdviz\\server\\src\\modules\\MySQLDB.js","statementMap":{"0":{"start":{"line":1,"column":14},"end":{"line":1,"column":30}},"1":{"start":{"line":2,"column":17},"end":{"line":2,"column":38}},"2":{"start":{"line":4,"column":0},"end":{"line":65,"column":2}},"3":{"start":{"line":6,"column":4},"end":{"line":6,"column":12}},"4":{"start":{"line":7,"column":4},"end":{"line":7,"column":25}},"5":{"start":{"line":11,"column":4},"end":{"line":26,"column":7}},"6":{"start":{"line":12,"column":25},"end":{"line":17,"column":8}},"7":{"start":{"line":19,"column":6},"end":{"line":25,"column":9}},"8":{"start":{"line":20,"column":8},"end":{"line":24,"column":9}},"9":{"start":{"line":21,"column":10},"end":{"line":21,"column":58}},"10":{"start":{"line":23,"column":10},"end":{"line":23,"column":30}},"11":{"start":{"line":30,"column":17},"end":{"line":30,"column":39}},"12":{"start":{"line":31,"column":4},"end":{"line":45,"column":7}},"13":{"start":{"line":32,"column":6},"end":{"line":43,"column":7}},"14":{"start":{"line":33,"column":22},"end":{"line":33,"column":117}},"15":{"start":{"line":34,"column":8},"end":{"line":40,"column":11}},"16":{"start":{"line":35,"column":10},"end":{"line":39,"column":11}},"17":{"start":{"line":36,"column":12},"end":{"line":36,"column":53}},"18":{"start":{"line":38,"column":12},"end":{"line":38,"column":58}},"19":{"start":{"line":38,"column":41},"end":{"line":38,"column":55}},"20":{"start":{"line":42,"column":8},"end":{"line":42,"column":49}},"21":{"start":{"line":44,"column":6},"end":{"line":44,"column":17}},"22":{"start":{"line":49,"column":17},"end":{"line":49,"column":39}},"23":{"start":{"line":50,"column":4},"end":{"line":63,"column":7}},"24":{"start":{"line":51,"column":6},"end":{"line":61,"column":7}},"25":{"start":{"line":52,"column":8},"end":{"line":58,"column":11}},"26":{"start":{"line":53,"column":10},"end":{"line":57,"column":11}},"27":{"start":{"line":54,"column":12},"end":{"line":54,"column":56}},"28":{"start":{"line":56,"column":12},"end":{"line":56,"column":26}},"29":{"start":{"line":60,"column":8},"end":{"line":60,"column":52}},"30":{"start":{"line":62,"column":6},"end":{"line":62,"column":17}}},"fnMap":{"0":{"name":"(anonymous_0)","decl":{"start":{"line":5,"column":2},"end":{"line":5,"column":3}},"loc":{"start":{"line":5,"column":22},"end":{"line":8,"column":3}},"line":5},"1":{"name":"(anonymous_1)","decl":{"start":{"line":10,"column":2},"end":{"line":10,"column":3}},"loc":{"start":{"line":10,"column":20},"end":{"line":27,"column":3}},"line":10},"2":{"name":"(anonymous_2)","decl":{"start":{"line":11,"column":23},"end":{"line":11,"column":24}},"loc":{"start":{"line":11,"column":44},"end":{"line":26,"column":5}},"line":11},"3":{"name":"(anonymous_3)","decl":{"start":{"line":19,"column":25},"end":{"line":19,"column":26}},"loc":{"start":{"line":19,"column":34},"end":{"line":25,"column":7}},"line":19},"4":{"name":"(anonymous_4)","decl":{"start":{"line":29,"column":2},"end":{"line":29,"column":3}},"loc":{"start":{"line":29,"column":20},"end":{"line":46,"column":3}},"line":29},"5":{"name":"(anonymous_5)","decl":{"start":{"line":31,"column":23},"end":{"line":31,"column":24}},"loc":{"start":{"line":31,"column":44},"end":{"line":45,"column":5}},"line":31},"6":{"name":"(anonymous_6)","decl":{"start":{"line":34,"column":26},"end":{"line":34,"column":27}},"loc":{"start":{"line":34,"column":46},"end":{"line":40,"column":9}},"line":34},"7":{"name":"(anonymous_7)","decl":{"start":{"line":38,"column":32},"end":{"line":38,"column":33}},"loc":{"start":{"line":38,"column":41},"end":{"line":38,"column":55}},"line":38},"8":{"name":"(anonymous_8)","decl":{"start":{"line":48,"column":2},"end":{"line":48,"column":3}},"loc":{"start":{"line":48,"column":23},"end":{"line":64,"column":3}},"line":48},"9":{"name":"(anonymous_9)","decl":{"start":{"line":50,"column":23},"end":{"line":50,"column":24}},"loc":{"start":{"line":50,"column":44},"end":{"line":63,"column":5}},"line":50},"10":{"name":"(anonymous_10)","decl":{"start":{"line":52,"column":45},"end":{"line":52,"column":46}},"loc":{"start":{"line":52,"column":60},"end":{"line":58,"column":9}},"line":52}},"branchMap":{"0":{"loc":{"start":{"line":20,"column":8},"end":{"line":24,"column":9}},"type":"if","locations":[{"start":{"line":20,"column":8},"end":{"line":24,"column":9}},{"start":{"line":20,"column":8},"end":{"line":24,"column":9}}],"line":20},"1":{"loc":{"start":{"line":32,"column":6},"end":{"line":43,"column":7}},"type":"if","locations":[{"start":{"line":32,"column":6},"end":{"line":43,"column":7}},{"start":{"line":32,"column":6},"end":{"line":43,"column":7}}],"line":32},"2":{"loc":{"start":{"line":35,"column":10},"end":{"line":39,"column":11}},"type":"if","locations":[{"start":{"line":35,"column":10},"end":{"line":39,"column":11}},{"start":{"line":35,"column":10},"end":{"line":39,"column":11}}],"line":35},"3":{"loc":{"start":{"line":51,"column":6},"end":{"line":61,"column":7}},"type":"if","locations":[{"start":{"line":51,"column":6},"end":{"line":61,"column":7}},{"start":{"line":51,"column":6},"end":{"line":61,"column":7}}],"line":51},"4":{"loc":{"start":{"line":51,"column":10},"end":{"line":51,"column":23}},"type":"binary-expr","locations":[{"start":{"line":51,"column":10},"end":{"line":51,"column":14}},{"start":{"line":51,"column":18},"end":{"line":51,"column":23}}],"line":51},"5":{"loc":{"start":{"line":53,"column":10},"end":{"line":57,"column":11}},"type":"if","locations":[{"start":{"line":53,"column":10},"end":{"line":57,"column":11}},{"start":{"line":53,"column":10},"end":{"line":57,"column":11}}],"line":53}},"s":{"0":3,"1":3,"2":3,"3":6,"4":6,"5":5,"6":5,"7":5,"8":5,"9":0,"10":5,"11":2,"12":2,"13":2,"14":2,"15":2,"16":2,"17":0,"18":2,"19":2,"20":0,"21":2,"22":2,"23":2,"24":2,"25":2,"26":2,"27":0,"28":2,"29":0,"30":2},"f":{"0":6,"1":5,"2":5,"3":5,"4":2,"5":2,"6":2,"7":2,"8":2,"9":2,"10":2},"b":{"0":[0,5],"1":[2,0],"2":[0,2],"3":[2,0],"4":[2,2],"5":[0,2]},"_coverageSchema":"1a1c01bbd47fc00a2c39e90264f33305004495a9","hash":"16bc8d73995384c04be687cdf24b5b824cbecd03"}
,"C:\\Users\\Matteo\\Documents\\HD VIZ\\hdviz\\hdviz\\server\\src\\modules\\PostgresDB.js": {"path":"C:\\Users\\Matteo\\Documents\\HD VIZ\\hdviz\\hdviz\\server\\src\\modules\\PostgresDB.js","statementMap":{"0":{"start":{"line":1,"column":19},"end":{"line":1,"column":32}},"1":{"start":{"line":2,"column":17},"end":{"line":2,"column":38}},"2":{"start":{"line":4,"column":0},"end":{"line":64,"column":2}},"3":{"start":{"line":6,"column":4},"end":{"line":6,"column":12}},"4":{"start":{"line":7,"column":4},"end":{"line":7,"column":25}},"5":{"start":{"line":11,"column":4},"end":{"line":27,"column":7}},"6":{"start":{"line":12,"column":19},"end":{"line":18,"column":8}},"7":{"start":{"line":20,"column":6},"end":{"line":26,"column":9}},"8":{"start":{"line":21,"column":8},"end":{"line":25,"column":9}},"9":{"start":{"line":22,"column":10},"end":{"line":22,"column":65}},"10":{"start":{"line":24,"column":10},"end":{"line":24,"column":24}},"11":{"start":{"line":31,"column":17},"end":{"line":31,"column":39}},"12":{"start":{"line":32,"column":4},"end":{"line":45,"column":7}},"13":{"start":{"line":33,"column":20},"end":{"line":33,"column":146}},"14":{"start":{"line":34,"column":6},"end":{"line":44,"column":7}},"15":{"start":{"line":35,"column":8},"end":{"line":41,"column":11}},"16":{"start":{"line":36,"column":10},"end":{"line":40,"column":11}},"17":{"start":{"line":37,"column":12},"end":{"line":37,"column":63}},"18":{"start":{"line":39,"column":12},"end":{"line":39,"column":63}},"19":{"start":{"line":39,"column":46},"end":{"line":39,"column":60}},"20":{"start":{"line":43,"column":8},"end":{"line":43,"column":59}},"21":{"start":{"line":49,"column":17},"end":{"line":49,"column":39}},"22":{"start":{"line":50,"column":4},"end":{"line":62,"column":7}},"23":{"start":{"line":51,"column":6},"end":{"line":61,"column":7}},"24":{"start":{"line":52,"column":8},"end":{"line":58,"column":11}},"25":{"start":{"line":53,"column":10},"end":{"line":57,"column":11}},"26":{"start":{"line":54,"column":12},"end":{"line":54,"column":56}},"27":{"start":{"line":56,"column":12},"end":{"line":56,"column":31}},"28":{"start":{"line":60,"column":8},"end":{"line":60,"column":52}}},"fnMap":{"0":{"name":"(anonymous_0)","decl":{"start":{"line":5,"column":2},"end":{"line":5,"column":3}},"loc":{"start":{"line":5,"column":22},"end":{"line":8,"column":3}},"line":5},"1":{"name":"(anonymous_1)","decl":{"start":{"line":10,"column":2},"end":{"line":10,"column":3}},"loc":{"start":{"line":10,"column":20},"end":{"line":28,"column":3}},"line":10},"2":{"name":"(anonymous_2)","decl":{"start":{"line":11,"column":23},"end":{"line":11,"column":24}},"loc":{"start":{"line":11,"column":44},"end":{"line":27,"column":5}},"line":11},"3":{"name":"(anonymous_3)","decl":{"start":{"line":20,"column":19},"end":{"line":20,"column":20}},"loc":{"start":{"line":20,"column":28},"end":{"line":26,"column":7}},"line":20},"4":{"name":"(anonymous_4)","decl":{"start":{"line":30,"column":2},"end":{"line":30,"column":3}},"loc":{"start":{"line":30,"column":20},"end":{"line":46,"column":3}},"line":30},"5":{"name":"(anonymous_5)","decl":{"start":{"line":32,"column":23},"end":{"line":32,"column":24}},"loc":{"start":{"line":32,"column":44},"end":{"line":45,"column":5}},"line":32},"6":{"name":"(anonymous_6)","decl":{"start":{"line":35,"column":26},"end":{"line":35,"column":27}},"loc":{"start":{"line":35,"column":46},"end":{"line":41,"column":9}},"line":35},"7":{"name":"(anonymous_7)","decl":{"start":{"line":39,"column":37},"end":{"line":39,"column":38}},"loc":{"start":{"line":39,"column":46},"end":{"line":39,"column":60}},"line":39},"8":{"name":"(anonymous_8)","decl":{"start":{"line":48,"column":2},"end":{"line":48,"column":3}},"loc":{"start":{"line":48,"column":23},"end":{"line":63,"column":3}},"line":48},"9":{"name":"(anonymous_9)","decl":{"start":{"line":50,"column":23},"end":{"line":50,"column":24}},"loc":{"start":{"line":50,"column":44},"end":{"line":62,"column":5}},"line":50},"10":{"name":"(anonymous_10)","decl":{"start":{"line":52,"column":45},"end":{"line":52,"column":46}},"loc":{"start":{"line":52,"column":60},"end":{"line":58,"column":9}},"line":52}},"branchMap":{"0":{"loc":{"start":{"line":21,"column":8},"end":{"line":25,"column":9}},"type":"if","locations":[{"start":{"line":21,"column":8},"end":{"line":25,"column":9}},{"start":{"line":21,"column":8},"end":{"line":25,"column":9}}],"line":21},"1":{"loc":{"start":{"line":34,"column":6},"end":{"line":44,"column":7}},"type":"if","locations":[{"start":{"line":34,"column":6},"end":{"line":44,"column":7}},{"start":{"line":34,"column":6},"end":{"line":44,"column":7}}],"line":34},"2":{"loc":{"start":{"line":36,"column":10},"end":{"line":40,"column":11}},"type":"if","locations":[{"start":{"line":36,"column":10},"end":{"line":40,"column":11}},{"start":{"line":36,"column":10},"end":{"line":40,"column":11}}],"line":36},"3":{"loc":{"start":{"line":51,"column":6},"end":{"line":61,"column":7}},"type":"if","locations":[{"start":{"line":51,"column":6},"end":{"line":61,"column":7}},{"start":{"line":51,"column":6},"end":{"line":61,"column":7}}],"line":51},"4":{"loc":{"start":{"line":51,"column":10},"end":{"line":51,"column":23}},"type":"binary-expr","locations":[{"start":{"line":51,"column":10},"end":{"line":51,"column":14}},{"start":{"line":51,"column":18},"end":{"line":51,"column":23}}],"line":51},"5":{"loc":{"start":{"line":53,"column":10},"end":{"line":57,"column":11}},"type":"if","locations":[{"start":{"line":53,"column":10},"end":{"line":57,"column":11}},{"start":{"line":53,"column":10},"end":{"line":57,"column":11}}],"line":53}},"s":{"0":3,"1":3,"2":3,"3":6,"4":6,"5":5,"6":5,"7":5,"8":5,"9":0,"10":5,"11":2,"12":2,"13":2,"14":2,"15":2,"16":2,"17":0,"18":2,"19":2,"20":0,"21":2,"22":2,"23":2,"24":2,"25":2,"26":0,"27":2,"28":0},"f":{"0":6,"1":5,"2":5,"3":5,"4":2,"5":2,"6":2,"7":2,"8":2,"9":2,"10":2},"b":{"0":[0,5],"1":[2,0],"2":[0,2],"3":[2,0],"4":[2,2],"5":[0,2]},"_coverageSchema":"1a1c01bbd47fc00a2c39e90264f33305004495a9","hash":"ef0c75edaafd4786b1660983c0f2e72a11501736"}
,"C:\\Users\\Matteo\\Documents\\HD VIZ\\hdviz\\hdviz\\server\\src\\modules\\SqliteDB.js": {"path":"C:\\Users\\Matteo\\Documents\\HD VIZ\\hdviz\\hdviz\\server\\src\\modules\\SqliteDB.js","statementMap":{"0":{"start":{"line":1,"column":15},"end":{"line":1,"column":33}},"1":{"start":{"line":2,"column":17},"end":{"line":2,"column":38}},"2":{"start":{"line":4,"column":0},"end":{"line":55,"column":2}},"3":{"start":{"line":6,"column":4},"end":{"line":6,"column":12}},"4":{"start":{"line":7,"column":4},"end":{"line":7,"column":25}},"5":{"start":{"line":11,"column":4},"end":{"line":17,"column":7}},"6":{"start":{"line":12,"column":17},"end":{"line":16,"column":8}},"7":{"start":{"line":13,"column":8},"end":{"line":15,"column":9}},"8":{"start":{"line":14,"column":10},"end":{"line":14,"column":65}},"9":{"start":{"line":16,"column":10},"end":{"line":16,"column":22}},"10":{"start":{"line":21,"column":17},"end":{"line":21,"column":39}},"11":{"start":{"line":22,"column":4},"end":{"line":35,"column":7}},"12":{"start":{"line":23,"column":6},"end":{"line":34,"column":7}},"13":{"start":{"line":24,"column":22},"end":{"line":24,"column":120}},"14":{"start":{"line":25,"column":8},"end":{"line":31,"column":11}},"15":{"start":{"line":26,"column":10},"end":{"line":30,"column":11}},"16":{"start":{"line":27,"column":12},"end":{"line":27,"column":53}},"17":{"start":{"line":29,"column":12},"end":{"line":29,"column":36}},"18":{"start":{"line":33,"column":8},"end":{"line":33,"column":49}},"19":{"start":{"line":39,"column":17},"end":{"line":39,"column":39}},"20":{"start":{"line":40,"column":4},"end":{"line":53,"column":7}},"21":{"start":{"line":41,"column":6},"end":{"line":51,"column":7}},"22":{"start":{"line":42,"column":8},"end":{"line":48,"column":11}},"23":{"start":{"line":43,"column":10},"end":{"line":47,"column":11}},"24":{"start":{"line":44,"column":12},"end":{"line":44,"column":56}},"25":{"start":{"line":46,"column":12},"end":{"line":46,"column":26}},"26":{"start":{"line":50,"column":8},"end":{"line":50,"column":52}},"27":{"start":{"line":52,"column":6},"end":{"line":52,"column":19}}},"fnMap":{"0":{"name":"(anonymous_0)","decl":{"start":{"line":5,"column":2},"end":{"line":5,"column":3}},"loc":{"start":{"line":5,"column":22},"end":{"line":8,"column":3}},"line":5},"1":{"name":"(anonymous_1)","decl":{"start":{"line":10,"column":2},"end":{"line":10,"column":3}},"loc":{"start":{"line":10,"column":20},"end":{"line":18,"column":3}},"line":10},"2":{"name":"(anonymous_2)","decl":{"start":{"line":11,"column":23},"end":{"line":11,"column":24}},"loc":{"start":{"line":11,"column":44},"end":{"line":17,"column":5}},"line":11},"3":{"name":"(anonymous_3)","decl":{"start":{"line":12,"column":60},"end":{"line":12,"column":61}},"loc":{"start":{"line":12,"column":69},"end":{"line":16,"column":7}},"line":12},"4":{"name":"(anonymous_4)","decl":{"start":{"line":20,"column":2},"end":{"line":20,"column":3}},"loc":{"start":{"line":20,"column":20},"end":{"line":36,"column":3}},"line":20},"5":{"name":"(anonymous_5)","decl":{"start":{"line":22,"column":23},"end":{"line":22,"column":24}},"loc":{"start":{"line":22,"column":44},"end":{"line":35,"column":5}},"line":22},"6":{"name":"(anonymous_6)","decl":{"start":{"line":25,"column":25},"end":{"line":25,"column":26}},"loc":{"start":{"line":25,"column":45},"end":{"line":31,"column":9}},"line":25},"7":{"name":"(anonymous_7)","decl":{"start":{"line":38,"column":2},"end":{"line":38,"column":3}},"loc":{"start":{"line":38,"column":23},"end":{"line":54,"column":3}},"line":38},"8":{"name":"(anonymous_8)","decl":{"start":{"line":40,"column":23},"end":{"line":40,"column":24}},"loc":{"start":{"line":40,"column":44},"end":{"line":53,"column":5}},"line":40},"9":{"name":"(anonymous_9)","decl":{"start":{"line":42,"column":43},"end":{"line":42,"column":44}},"loc":{"start":{"line":42,"column":58},"end":{"line":48,"column":9}},"line":42}},"branchMap":{"0":{"loc":{"start":{"line":13,"column":8},"end":{"line":15,"column":9}},"type":"if","locations":[{"start":{"line":13,"column":8},"end":{"line":15,"column":9}},{"start":{"line":13,"column":8},"end":{"line":15,"column":9}}],"line":13},"1":{"loc":{"start":{"line":23,"column":6},"end":{"line":34,"column":7}},"type":"if","locations":[{"start":{"line":23,"column":6},"end":{"line":34,"column":7}},{"start":{"line":23,"column":6},"end":{"line":34,"column":7}}],"line":23},"2":{"loc":{"start":{"line":26,"column":10},"end":{"line":30,"column":11}},"type":"if","locations":[{"start":{"line":26,"column":10},"end":{"line":30,"column":11}},{"start":{"line":26,"column":10},"end":{"line":30,"column":11}}],"line":26},"3":{"loc":{"start":{"line":41,"column":6},"end":{"line":51,"column":7}},"type":"if","locations":[{"start":{"line":41,"column":6},"end":{"line":51,"column":7}},{"start":{"line":41,"column":6},"end":{"line":51,"column":7}}],"line":41},"4":{"loc":{"start":{"line":41,"column":10},"end":{"line":41,"column":23}},"type":"binary-expr","locations":[{"start":{"line":41,"column":10},"end":{"line":41,"column":14}},{"start":{"line":41,"column":18},"end":{"line":41,"column":23}}],"line":41},"5":{"loc":{"start":{"line":43,"column":10},"end":{"line":47,"column":11}},"type":"if","locations":[{"start":{"line":43,"column":10},"end":{"line":47,"column":11}},{"start":{"line":43,"column":10},"end":{"line":47,"column":11}}],"line":43}},"s":{"0":3,"1":3,"2":3,"3":2,"4":2,"5":3,"6":3,"7":3,"8":0,"9":3,"10":1,"11":1,"12":1,"13":1,"14":1,"15":1,"16":0,"17":1,"18":0,"19":1,"20":1,"21":1,"22":1,"23":1,"24":0,"25":1,"26":0,"27":1},"f":{"0":2,"1":3,"2":3,"3":3,"4":1,"5":1,"6":1,"7":1,"8":1,"9":1},"b":{"0":[0,3],"1":[1,0],"2":[0,1],"3":[1,0],"4":[1,1],"5":[0,1]},"_coverageSchema":"1a1c01bbd47fc00a2c39e90264f33305004495a9","hash":"4cd3ae02ee8744d5484bcf5a1b2db4435119729a"}
}
